#
# A fatal error has been detected by the Java Runtime Environment:
#
#  EXCEPTION_ACCESS_VIOLATION (0xc0000005) at pc=0x000000002b0507bd, pid=14124, tid=0x0000000000004570
#
# JRE version: Java(TM) SE Runtime Environment (8.0_152-b16) (build 1.8.0_152-b16)
# Java VM: Java HotSpot(TM) 64-Bit Server VM (25.152-b16 mixed mode windows-amd64 compressed oops)
# Problematic frame:
# C  [squishhook.dll+0xb07bd]
#
# Failed to write core dump. Minidumps are not enabled by default on client versions of Windows
#
# If you would like to submit a bug report, please visit:
#   http://bugreport.java.com/bugreport/crash.jsp
# The crash happened outside the Java Virtual Machine in native code.
# See problematic frame for where to report the bug.
#

---------------  T H R E A D  ---------------

Current thread (0x0000000021f3c800):  JavaThread "JavaFX Application Thread" [_thread_in_native, id=17776, stack(0x0000000022a50000,0x0000000022b50000)]

siginfo: ExceptionCode=0xc0000005, reading address 0x0000000000000008

Registers:
RAX=0x0000000022b4d3f8, RBX=0x000000000000003a, RCX=0x0000000031e420fa, RDX=0x0000000022b4d3f8
RSP=0x0000000022b4d330, RBP=0x0000000000000008, RSI=0x0000000022b4d410, RDI=0x0000000022b4d468
R8 =0x0000000000000000, R9 =0x0000000000008000, R10=0x0000000021ea48f0, R11=0x0000000031ebba78
R12=0x0000000022b4d470, R13=0x0000000000000001, R14=0x0000000022b4d520, R15=0x0000000021f3c800
RIP=0x000000002b0507bd, EFLAGS=0x0000000000010202

Top of Stack: (sp=0x0000000022b4d330)
0x0000000022b4d330:   0000000000000006 00000000736e1f6f
0x0000000022b4d340:   0000000021ea48f0 0000000031ebba00
0x0000000022b4d350:   0000000000000000 00007ffc14436876
0x0000000022b4d360:   0000fffd00000000 fffffffffffffffe
0x0000000022b4d370:   0000000031e420e0 0000000073884bd0
0x0000000022b4d380:   0000000000000001 0000000073884c98
0x0000000022b4d390:   0000000000000001 0000000031ebba70
0x0000000022b4d3a0:   0000000021f3c9f8 0000000073298d94
0x0000000022b4d3b0:   0000000000000000 0000000022b4d468
0x0000000022b4d3c0:   0000000031ebba70 0000000021f3c9f8
0x0000000022b4d3d0:   0000000022b4d470 000000002b050a42
0x0000000022b4d3e0:   0000000000000000 0000000022b4d410
0x0000000022b4d3f0:   000000000000003a 0000000031eb003a
0x0000000022b4d400:   0000000031ebba70 fffffffffffffffe
0x0000000022b4d410:   0000000022b4d478 0000000000000006
0x0000000022b4d420:   0000000031ebba70 0000000031ebba70 

Instructions: (pc=0x000000002b0507bd)
0x000000002b05079d:   33 c0 48 8d 94 24 c8 00 00 00 49 8b cc ff 15 48
0x000000002b0507ad:   a0 06 00 66 39 18 0f 85 9b 01 00 00 48 83 c5 08
0x000000002b0507bd:   48 8b 45 00 8b 40 68 83 f8 01 74 08 48 8b cd e8
0x000000002b0507cd:   8f d2 f7 ff 49 8b d4 48 8b cd e8 74 9e ff ff 48 


Register to memory mapping:

RAX=0x0000000022b4d3f8 is pointing into the stack for thread: 0x0000000021f3c800
RBX=0x000000000000003a is an unknown value
RCX=0x0000000031e420fa is an unknown value
RDX=0x0000000022b4d3f8 is pointing into the stack for thread: 0x0000000021f3c800
RSP=0x0000000022b4d330 is pointing into the stack for thread: 0x0000000021f3c800
RBP=0x0000000000000008 is an unknown value
RSI=0x0000000022b4d410 is pointing into the stack for thread: 0x0000000021f3c800
RDI=0x0000000022b4d468 is pointing into the stack for thread: 0x0000000021f3c800
R8 =0x0000000000000000 is an unknown value
R9 =0x0000000000008000 is an unknown value
R10=0x0000000021ea48f0 is an unknown value
R11=0x0000000031ebba78 is an unknown value
R12=0x0000000022b4d470 is pointing into the stack for thread: 0x0000000021f3c800
R13=0x0000000000000001 is an unknown value
R14=0x0000000022b4d520 is pointing into the stack for thread: 0x0000000021f3c800
R15=0x0000000021f3c800 is a thread


Stack: [0x0000000022a50000,0x0000000022b50000],  sp=0x0000000022b4d330,  free space=1012k
Native frames: (J=compiled Java code, j=interpreted, Vv=VM code, C=native code)
C  [squishhook.dll+0xb07bd]
C  [squishhook.dll+0xb0a42]
C  [squishjavawrapper.dll+0x56951]
C  0x0000000005cc0adb

Java frames: (J=compiled Java code, j=interpreted, Vv=VM code)
J 2185  com.froglogic.squish.ObjectQuery.descriptionObjectValue(JLjava/lang/String;)Ljava/lang/String; (0 bytes) @ 0x0000000005cc0a55 [0x0000000005cc0a00+0x55]
J 2518 C1 com.froglogic.squish.jfx.JFX.getObjectFromDescription(Ljava/lang/Object;Lcom/froglogic/squish/ObjectQuery;Ljava/util/HashMap;)Ljava/lang/Object; (658 bytes) @ 0x0000000005da6704 [0x0000000005da6180+0x584]
J 2271 C1 com.froglogic.squish.jfx.JFX.getObjectFromString(Ljava/lang/Object;Ljava/lang/String;Ljava/util/HashMap;)Ljava/lang/Object; (180 bytes) @ 0x0000000005d02f0c [0x0000000005d022a0+0xc6c]
j  com.froglogic.squish.jfx.JFX$PropertyByQualifiedName.lookup(Ljava/lang/Object;Ljava/lang/String;Ljava/util/HashMap;)Ljava/lang/Object;+51
J 2678 C1 com.froglogic.squish.jfx.JFX$PropertyByQualifiedName.run()V (82 bytes) @ 0x0000000005e0651c [0x0000000005e06440+0xdc]
J 2735 C1 com.froglogic.squish.RunRunnable.run()V (78 bytes) @ 0x0000000005e27034 [0x0000000005e26da0+0x294]
J 2590 C1 com.sun.javafx.application.PlatformImpl$$Lambda$49.run()Ljava/lang/Object; (8 bytes) @ 0x0000000005dd4a8c [0x0000000005dd4940+0x14c]
v  ~StubRoutines::call_stub
J 2129  java.security.AccessController.doPrivileged(Ljava/security/PrivilegedAction;Ljava/security/AccessControlContext;)Ljava/lang/Object; (0 bytes) @ 0x0000000005c982e6 [0x0000000005c98280+0x66]
J 2587 C1 com.sun.javafx.application.PlatformImpl.lambda$runLater$173(Ljava/lang/Runnable;Ljava/security/AccessControlContext;)V (38 bytes) @ 0x0000000005dd371c [0x0000000005dd3300+0x41c]
J 2586 C1 com.sun.javafx.application.PlatformImpl$$Lambda$48.run()V (12 bytes) @ 0x0000000005dd2f4c [0x0000000005dd2ec0+0x8c]
J 2626 C1 com.sun.glass.ui.InvokeLaterDispatcher$Future.run()V (91 bytes) @ 0x0000000005dedc14 [0x0000000005dedb00+0x114]
v  ~StubRoutines::call_stub
j  com.sun.glass.ui.win.WinApplication._runLoop(Ljava/lang/Runnable;)V+0
j  com.sun.glass.ui.win.WinApplication.lambda$null$147(ILjava/lang/Runnable;)V+8
j  com.sun.glass.ui.win.WinApplication$$Lambda$37.run()V+12
j  java.lang.Thread.run()V+11
v  ~StubRoutines::call_stub

---------------  P R O C E S S  ---------------

Java Threads: ( => current thread )
  0x0000000029d6d800 JavaThread "Prism Font Disposer" daemon [_thread_blocked, id=16564, stack(0x000000002da70000,0x000000002db70000)]
  0x0000000022511000 JavaThread "Squish event" daemon [_thread_in_native, id=9812, stack(0x000000002b560000,0x000000002b660000)]
  0x0000000022004000 JavaThread "JavaFX-Launcher" [_thread_blocked, id=7948, stack(0x0000000029700000,0x0000000029800000)]
  0x0000000022003000 JavaThread "Thread-2" daemon [_thread_in_native, id=24060, stack(0x0000000029500000,0x0000000029600000)]
=>0x0000000021f3c800 JavaThread "JavaFX Application Thread" [_thread_in_native, id=17776, stack(0x0000000022a50000,0x0000000022b50000)]
  0x0000000021f34800 JavaThread "Thread-1" daemon [_thread_blocked, id=24008, stack(0x0000000022950000,0x0000000022a50000)]
  0x0000000021efe000 JavaThread "QuantumRenderer-0" daemon [_thread_blocked, id=18964, stack(0x0000000022700000,0x0000000022800000)]
  0x000000002100b800 JavaThread "Service Thread" daemon [_thread_blocked, id=14452, stack(0x0000000021b20000,0x0000000021c20000)]
  0x0000000020f77000 JavaThread "C1 CompilerThread3" daemon [_thread_blocked, id=13672, stack(0x0000000021a20000,0x0000000021b20000)]
  0x0000000020f74000 JavaThread "C2 CompilerThread2" daemon [_thread_blocked, id=16944, stack(0x0000000021920000,0x0000000021a20000)]
  0x0000000020f73800 JavaThread "C2 CompilerThread1" daemon [_thread_blocked, id=22388, stack(0x0000000021820000,0x0000000021920000)]
  0x0000000020f72800 JavaThread "C2 CompilerThread0" daemon [_thread_blocked, id=11240, stack(0x0000000021720000,0x0000000021820000)]
  0x0000000020e65000 JavaThread "Attach Listener" daemon [_thread_blocked, id=2408, stack(0x0000000021620000,0x0000000021720000)]
  0x0000000020e64000 JavaThread "Signal Dispatcher" daemon [_thread_blocked, id=4636, stack(0x0000000021520000,0x0000000021620000)]
  0x0000000020e50800 JavaThread "Finalizer" daemon [_thread_blocked, id=9960, stack(0x0000000021230000,0x0000000021330000)]
  0x000000001ef6d000 JavaThread "Reference Handler" daemon [_thread_blocked, id=18592, stack(0x0000000020d30000,0x0000000020e30000)]
  0x00000000054d4000 JavaThread "main" [_thread_blocked, id=25112, stack(0x0000000005160000,0x0000000005260000)]

Other Threads:
  0x000000001ef68800 VMThread [stack: 0x0000000020c30000,0x0000000020d30000] [id=11580]
  0x000000002111c000 WatcherThread [stack: 0x0000000021c20000,0x0000000021d20000] [id=22456]

VM state:not at safepoint (normal execution)

VM Mutex/Monitor currently owned by a thread: None

Heap:
 PSYoungGen      total 140800K, used 122942K [0x000000076b800000, 0x000000077cb00000, 0x00000007c0000000)
  eden space 130048K, 94% used [0x000000076b800000,0x000000077300f868,0x0000000773700000)
  from space 10752K, 0% used [0x0000000773700000,0x0000000773700000,0x0000000774180000)
  to   space 10752K, 0% used [0x000000077c080000,0x000000077c080000,0x000000077cb00000)
 ParOldGen       total 116736K, used 21362K [0x00000006c2800000, 0x00000006c9a00000, 0x000000076b800000)
  object space 116736K, 18% used [0x00000006c2800000,0x00000006c3cdc818,0x00000006c9a00000)
 Metaspace       used 20875K, capacity 22104K, committed 22400K, reserved 1069056K
  class space    used 2841K, capacity 3093K, committed 3200K, reserved 1048576K

Card table byte_map: [0x0000000014990000,0x0000000015180000] byte_map_base: 0x000000001137c000

Marking Bits: (ParMarkBitMap*) 0x00000000731b0860
 Begin Bits: [0x0000000015ed0000, 0x0000000019e30000)
 End Bits:   [0x0000000019e30000, 0x000000001dd90000)

Polling page: 0x0000000003840000

CodeCache: size=245760Kb used=8657Kb max_used=8657Kb free=237102Kb
 bounds [0x00000000055d0000, 0x0000000005e50000, 0x00000000145d0000]
 total_blobs=3462 nmethods=2773 adapters=601
 compilation: enabled

Compilation events (10 events):
Event: 66.254 Thread 0x0000000020f77000 2777       3       com.sun.javafx.geometry.BoundsUtils::max8 (24 bytes)
Event: 66.254 Thread 0x0000000020f77000 nmethod 2777 0x0000000005e476d0 code [0x0000000005e478a0, 0x0000000005e47c68]
Event: 71.358 Thread 0x0000000020f77000 2778   !   3       com.froglogic.squish.Wrapper::squishMode (17 bytes)
Event: 71.358 Thread 0x0000000020f77000 nmethod 2778 0x0000000005e48010 code [0x0000000005e48160, 0x0000000005e483d0]
Event: 71.358 Thread 0x0000000020f77000 2779       3       java.lang.StringBuilder::append (9 bytes)
Event: 71.358 Thread 0x0000000020f77000 nmethod 2779 0x0000000005e48490 code [0x0000000005e48620, 0x0000000005e48a18]
Event: 71.360 Thread 0x0000000020f77000 2780       3       javafx.geometry.Bounds::getMinZ (5 bytes)
Event: 71.360 Thread 0x0000000020f77000 nmethod 2780 0x0000000005e48b90 code [0x0000000005e48ce0, 0x0000000005e48e30]
Event: 71.360 Thread 0x0000000020f77000 2781       3       javafx.geometry.Bounds::getMaxZ (5 bytes)
Event: 71.360 Thread 0x0000000020f77000 nmethod 2781 0x0000000005e48ed0 code [0x0000000005e49020, 0x0000000005e49170]

GC Heap History (8 events):
Event: 1.167 GC heap before
{Heap before GC invocations=1 (full 0):
 PSYoungGen      total 75776K, used 65024K [0x000000076b800000, 0x0000000770c80000, 0x00000007c0000000)
  eden space 65024K, 100% used [0x000000076b800000,0x000000076f780000,0x000000076f780000)
  from space 10752K, 0% used [0x0000000770200000,0x0000000770200000,0x0000000770c80000)
  to   space 10752K, 0% used [0x000000076f780000,0x000000076f780000,0x0000000770200000)
 ParOldGen       total 173568K, used 0K [0x00000006c2800000, 0x00000006cd180000, 0x000000076b800000)
  object space 173568K, 0% used [0x00000006c2800000,0x00000006c2800000,0x00000006cd180000)
 Metaspace       used 17365K, capacity 18366K, committed 18560K, reserved 1064960K
  class space    used 2419K, capacity 2642K, committed 2688K, reserved 1048576K
Event: 1.180 GC heap after
Heap after GC invocations=1 (full 0):
 PSYoungGen      total 75776K, used 10737K [0x000000076b800000, 0x0000000774c00000, 0x00000007c0000000)
  eden space 65024K, 0% used [0x000000076b800000,0x000000076b800000,0x000000076f780000)
  from space 10752K, 99% used [0x000000076f780000,0x00000007701fc430,0x0000000770200000)
  to   space 10752K, 0% used [0x0000000774180000,0x0000000774180000,0x0000000774c00000)
 ParOldGen       total 173568K, used 6738K [0x00000006c2800000, 0x00000006cd180000, 0x000000076b800000)
  object space 173568K, 3% used [0x00000006c2800000,0x00000006c2e948b0,0x00000006cd180000)
 Metaspace       used 17365K, capacity 18366K, committed 18560K, reserved 1064960K
  class space    used 2419K, capacity 2642K, committed 2688K, reserved 1048576K
}
Event: 1.594 GC heap before
{Heap before GC invocations=2 (full 0):
 PSYoungGen      total 75776K, used 75761K [0x000000076b800000, 0x0000000774c00000, 0x00000007c0000000)
  eden space 65024K, 100% used [0x000000076b800000,0x000000076f780000,0x000000076f780000)
  from space 10752K, 99% used [0x000000076f780000,0x00000007701fc430,0x0000000770200000)
  to   space 10752K, 0% used [0x0000000774180000,0x0000000774180000,0x0000000774c00000)
 ParOldGen       total 173568K, used 6738K [0x00000006c2800000, 0x00000006cd180000, 0x000000076b800000)
  object space 173568K, 3% used [0x00000006c2800000,0x00000006c2e948b0,0x00000006cd180000)
 Metaspace       used 19977K, capacity 21064K, committed 21248K, reserved 1067008K
  class space    used 2753K, capacity 2971K, committed 3072K, reserved 1048576K
Event: 1.603 GC heap after
Heap after GC invocations=2 (full 0):
 PSYoungGen      total 140800K, used 10725K [0x000000076b800000, 0x0000000774c00000, 0x00000007c0000000)
  eden space 130048K, 0% used [0x000000076b800000,0x000000076b800000,0x0000000773700000)
  from space 10752K, 99% used [0x0000000774180000,0x0000000774bf9400,0x0000000774c00000)
  to   space 10752K, 0% used [0x0000000773700000,0x0000000773700000,0x0000000774180000)
 ParOldGen       total 173568K, used 14190K [0x00000006c2800000, 0x00000006cd180000, 0x000000076b800000)
  object space 173568K, 8% used [0x00000006c2800000,0x00000006c35db8f0,0x00000006cd180000)
 Metaspace       used 19977K, capacity 21064K, committed 21248K, reserved 1067008K
  class space    used 2753K, capacity 2971K, committed 3072K, reserved 1048576K
}
Event: 1.692 GC heap before
{Heap before GC invocations=3 (full 0):
 PSYoungGen      total 140800K, used 16786K [0x000000076b800000, 0x0000000774c00000, 0x00000007c0000000)
  eden space 130048K, 4% used [0x000000076b800000,0x000000076bdeb540,0x0000000773700000)
  from space 10752K, 99% used [0x0000000774180000,0x0000000774bf9400,0x0000000774c00000)
  to   space 10752K, 0% used [0x0000000773700000,0x0000000773700000,0x0000000774180000)
 ParOldGen       total 173568K, used 14190K [0x00000006c2800000, 0x00000006cd180000, 0x000000076b800000)
  object space 173568K, 8% used [0x00000006c2800000,0x00000006c35db8f0,0x00000006cd180000)
 Metaspace       used 20059K, capacity 21160K, committed 21248K, reserved 1067008K
  class space    used 2764K, capacity 3003K, committed 3072K, reserved 1048576K
Event: 1.698 GC heap after
Heap after GC invocations=3 (full 0):
 PSYoungGen      total 140800K, used 10720K [0x000000076b800000, 0x000000077cb00000, 0x00000007c0000000)
  eden space 130048K, 0% used [0x000000076b800000,0x000000076b800000,0x0000000773700000)
  from space 10752K, 99% used [0x0000000773700000,0x00000007741780e0,0x0000000774180000)
  to   space 10752K, 0% used [0x000000077c080000,0x000000077c080000,0x000000077cb00000)
 ParOldGen       total 173568K, used 14334K [0x00000006c2800000, 0x00000006cd180000, 0x000000076b800000)
  object space 173568K, 8% used [0x00000006c2800000,0x00000006c35ff8f0,0x00000006cd180000)
 Metaspace       used 20059K, capacity 21160K, committed 21248K, reserved 1067008K
  class space    used 2764K, capacity 3003K, committed 3072K, reserved 1048576K
}
Event: 1.698 GC heap before
{Heap before GC invocations=4 (full 1):
 PSYoungGen      total 140800K, used 10720K [0x000000076b800000, 0x000000077cb00000, 0x00000007c0000000)
  eden space 130048K, 0% used [0x000000076b800000,0x000000076b800000,0x0000000773700000)
  from space 10752K, 99% used [0x0000000773700000,0x00000007741780e0,0x0000000774180000)
  to   space 10752K, 0% used [0x000000077c080000,0x000000077c080000,0x000000077cb00000)
 ParOldGen       total 173568K, used 14334K [0x00000006c2800000, 0x00000006cd180000, 0x000000076b800000)
  object space 173568K, 8% used [0x00000006c2800000,0x00000006c35ff8f0,0x00000006cd180000)
 Metaspace       used 20059K, capacity 21160K, committed 21248K, reserved 1067008K
  class space    used 2764K, capacity 3003K, committed 3072K, reserved 1048576K
Event: 1.721 GC heap after
Heap after GC invocations=4 (full 1):
 PSYoungGen      total 140800K, used 0K [0x000000076b800000, 0x000000077cb00000, 0x00000007c0000000)
  eden space 130048K, 0% used [0x000000076b800000,0x000000076b800000,0x0000000773700000)
  from space 10752K, 0% used [0x0000000773700000,0x0000000773700000,0x0000000774180000)
  to   space 10752K, 0% used [0x000000077c080000,0x000000077c080000,0x000000077cb00000)
 ParOldGen       total 116736K, used 21362K [0x00000006c2800000, 0x00000006c9a00000, 0x000000076b800000)
  object space 116736K, 18% used [0x00000006c2800000,0x00000006c3cdc818,0x00000006c9a00000)
 Metaspace       used 20059K, capacity 21160K, committed 21248K, reserved 1067008K
  class space    used 2764K, capacity 3003K, committed 3072K, reserved 1048576K
}

Deoptimization events (10 events):
Event: 26.834 Thread 0x0000000021f3c800 Uncommon trap: reason=unstable_if action=reinterpret pc=0x0000000005cb6984 method=com.froglogic.squish.extension.InspectableAdapter.findObjects(Lcom/froglogic/squish/extension/ObjectQuery;ILjava/lang/Object;Ljava/util/AbstractList;)Z @ 138
Event: 26.834 Thread 0x0000000021f3c800 Uncommon trap: reason=unstable_if action=reinterpret pc=0x0000000005cb6984 method=com.froglogic.squish.extension.InspectableAdapter.findObjects(Lcom/froglogic/squish/extension/ObjectQuery;ILjava/lang/Object;Ljava/util/AbstractList;)Z @ 138
Event: 26.842 Thread 0x0000000021f3c800 Uncommon trap: reason=unstable_if action=reinterpret pc=0x0000000005cbbde4 method=com.froglogic.squish.extension.InspectableAdapter.findObjects(Lcom/froglogic/squish/extension/ObjectQuery;ILjava/lang/Object;Ljava/util/AbstractList;)Z @ 138
Event: 26.842 Thread 0x0000000021f3c800 Uncommon trap: reason=unstable_if action=reinterpret pc=0x0000000005cbbde4 method=com.froglogic.squish.extension.InspectableAdapter.findObjects(Lcom/froglogic/squish/extension/ObjectQuery;ILjava/lang/Object;Ljava/util/AbstractList;)Z @ 138
Event: 26.842 Thread 0x0000000021f3c800 Uncommon trap: reason=unstable_if action=reinterpret pc=0x0000000005cbbde4 method=com.froglogic.squish.extension.InspectableAdapter.findObjects(Lcom/froglogic/squish/extension/ObjectQuery;ILjava/lang/Object;Ljava/util/AbstractList;)Z @ 138
Event: 26.842 Thread 0x0000000021f3c800 Uncommon trap: reason=unstable_if action=reinterpret pc=0x0000000005cbbde4 method=com.froglogic.squish.extension.InspectableAdapter.findObjects(Lcom/froglogic/squish/extension/ObjectQuery;ILjava/lang/Object;Ljava/util/AbstractList;)Z @ 138
Event: 27.732 Thread 0x0000000021f3c800 Uncommon trap: reason=unstable_if action=reinterpret pc=0x0000000005a27a28 method=jdk.internal.org.objectweb.asm.Type.getArgumentsAndReturnSizes(Ljava/lang/String;)I @ 47
Event: 30.307 Thread 0x0000000021f3c800 Uncommon trap: reason=unstable_if action=reinterpret pc=0x0000000005cf9dc0 method=javafx.scene.Node$3.toString()Ljava/lang/String; @ 4
Event: 30.307 Thread 0x0000000021f3c800 Uncommon trap: reason=unstable_if action=reinterpret pc=0x000000000592fa60 method=java.lang.String.indexOf([CII[CIII)I @ 3
Event: 60.729 Thread 0x0000000021f3c800 Uncommon trap: reason=unstable_if action=reinterpret pc=0x0000000005d95e30 method=com.froglogic.squish.extension.InspectableAdapter.findObjects(Lcom/froglogic/squish/extension/ObjectQuery;ILjava/lang/Object;Ljava/util/AbstractList;)Z @ 52

Classes redefined (0 events):
No events

Internal exceptions (10 events):
Event: 62.159 Thread 0x0000000021f3c800 Exception <a 'java/lang/NullPointerException'> (0x00000007726b3f98) thrown at [C:\re\workspace\8-2-build-windows-amd64-cygwin\jdk8u152\9742\hotspot\src\share\vm\interpreter\linkResolver.cpp, line 1185]
Event: 62.162 Thread 0x0000000021f3c800 Exception <a 'java/lang/NullPointerException'> (0x000000077271e320) thrown at [C:\re\workspace\8-2-build-windows-amd64-cygwin\jdk8u152\9742\hotspot\src\share\vm\interpreter\linkResolver.cpp, line 1185]
Event: 62.165 Thread 0x0000000021f3c800 Exception <a 'java/lang/NullPointerException'> (0x0000000772788698) thrown at [C:\re\workspace\8-2-build-windows-amd64-cygwin\jdk8u152\9742\hotspot\src\share\vm\interpreter\linkResolver.cpp, line 1185]
Event: 62.168 Thread 0x0000000021f3c800 Exception <a 'java/lang/NullPointerException'> (0x00000007727f29a8) thrown at [C:\re\workspace\8-2-build-windows-amd64-cygwin\jdk8u152\9742\hotspot\src\share\vm\interpreter\linkResolver.cpp, line 1185]
Event: 62.171 Thread 0x0000000021f3c800 Exception <a 'java/lang/NullPointerException'> (0x000000077285d5e0) thrown at [C:\re\workspace\8-2-build-windows-amd64-cygwin\jdk8u152\9742\hotspot\src\share\vm\interpreter\linkResolver.cpp, line 1185]
Event: 62.176 Thread 0x0000000021f3c800 Exception <a 'java/lang/NullPointerException'> (0x00000007728b3688) thrown at [C:\re\workspace\8-2-build-windows-amd64-cygwin\jdk8u152\9742\hotspot\src\share\vm\interpreter\linkResolver.cpp, line 1185]
Event: 62.194 Thread 0x0000000021f3c800 Exception <a 'java/lang/NullPointerException'> (0x00000007729024a0) thrown at [C:\re\workspace\8-2-build-windows-amd64-cygwin\jdk8u152\9742\hotspot\src\share\vm\interpreter\linkResolver.cpp, line 1185]
Event: 62.301 Thread 0x0000000021f3c800 Exception <a 'java/lang/NullPointerException'> (0x0000000772da1ec8) thrown at [C:\re\workspace\8-2-build-windows-amd64-cygwin\jdk8u152\9742\hotspot\src\share\vm\interpreter\linkResolver.cpp, line 1185]
Event: 66.161 Thread 0x0000000021f3c800 Exception <a 'java/lang/NullPointerException'> (0x0000000772e04b80) thrown at [C:\re\workspace\8-2-build-windows-amd64-cygwin\jdk8u152\9742\hotspot\src\share\vm\interpreter\linkResolver.cpp, line 1185]
Event: 71.355 Thread 0x0000000021f3c800 Exception <a 'java/lang/NullPointerException'> (0x0000000772e59d70) thrown at [C:\re\workspace\8-2-build-windows-amd64-cygwin\jdk8u152\9742\hotspot\src\share\vm\interpreter\linkResolver.cpp, line 1185]

Events (10 events):
Event: 32.167 Thread 0x0000000020f73800 flushing nmethod 0x00000000056d5310
Event: 32.167 Thread 0x0000000020f73800 flushing nmethod 0x00000000056e0e10
Event: 32.167 Thread 0x0000000020f73800 flushing nmethod 0x00000000056e1750
Event: 32.167 Thread 0x0000000020f73800 flushing nmethod 0x00000000056e1c90
Event: 32.167 Thread 0x0000000020f73800 flushing nmethod 0x00000000056e4f10
Event: 32.167 Thread 0x0000000020f73800 flushing nmethod 0x00000000056e8fd0
Event: 32.167 Thread 0x0000000020f73800 flushing nmethod 0x00000000056f3090
Event: 60.729 Thread 0x0000000021f3c800 Uncommon trap: trap_request=0xffffff65 fr.pc=0x0000000005d95e30
Event: 60.729 Thread 0x0000000021f3c800 DEOPT PACKING pc=0x0000000005d95e30 sp=0x0000000022b4c2c0
Event: 60.729 Thread 0x0000000021f3c800 DEOPT UNPACKING pc=0x000000000561582a sp=0x0000000022b4c2d0 mode 2


Dynamic libraries:
0x00007ff6e66f0000 - 0x00007ff6e6727000 	C:\Program Files\Java\jdk1.8.0_152\jre\bin\javaw.exe
0x00007ffc14410000 - 0x00007ffc145f0000 	C:\WINDOWS\SYSTEM32\ntdll.dll
0x00007ffc13cd0000 - 0x00007ffc13d7e000 	C:\WINDOWS\System32\KERNEL32.DLL
0x00007ffc10d30000 - 0x00007ffc10f96000 	C:\WINDOWS\System32\KERNELBASE.dll
0x00007ffc14110000 - 0x00007ffc141b1000 	C:\WINDOWS\System32\ADVAPI32.dll
0x00007ffc141c0000 - 0x00007ffc1425d000 	C:\WINDOWS\System32\msvcrt.dll
0x00007ffc118e0000 - 0x00007ffc1193b000 	C:\WINDOWS\System32\sechost.dll
0x00007ffc11a50000 - 0x00007ffc11b6f000 	C:\WINDOWS\System32\RPCRT4.dll
0x00007ffc13f80000 - 0x00007ffc1410f000 	C:\WINDOWS\System32\USER32.dll
0x00007ffc116f0000 - 0x00007ffc11710000 	C:\WINDOWS\System32\win32u.dll
0x00007ffc13c90000 - 0x00007ffc13cb8000 	C:\WINDOWS\System32\GDI32.dll
0x00007ffc10910000 - 0x00007ffc10aa3000 	C:\WINDOWS\System32\gdi32full.dll
0x00007ffc10ab0000 - 0x00007ffc10b4b000 	C:\WINDOWS\System32\msvcp_win.dll
0x00007ffc10810000 - 0x00007ffc10906000 	C:\WINDOWS\System32\ucrtbase.dll
0x00007ffc00ea0000 - 0x00007ffc01109000 	C:\WINDOWS\WinSxS\amd64_microsoft.windows.common-controls_6595b64144ccf1df_6.0.16299.371_none_15c7d1789365a290\COMCTL32.dll
0x00007ffc123d0000 - 0x00007ffc126d8000 	C:\WINDOWS\System32\combase.dll
0x00007ffc10ba0000 - 0x00007ffc10c12000 	C:\WINDOWS\System32\bcryptPrimitives.dll
0x00007ffc13ef0000 - 0x00007ffc13f1d000 	C:\WINDOWS\System32\IMM32.DLL
0x0000000073230000 - 0x0000000073302000 	C:\Program Files\Java\jdk1.8.0_152\jre\bin\msvcr100.dll
0x0000000072990000 - 0x0000000073230000 	C:\Program Files\Java\jdk1.8.0_152\jre\bin\server\jvm.dll
0x00007ffc13cc0000 - 0x00007ffc13cc8000 	C:\WINDOWS\System32\PSAPI.DLL
0x00007ffc0e4f0000 - 0x00007ffc0e513000 	C:\WINDOWS\SYSTEM32\WINMM.dll
0x00007ffc03d10000 - 0x00007ffc03d1a000 	C:\WINDOWS\SYSTEM32\VERSION.dll
0x00007ffc0e380000 - 0x00007ffc0e3aa000 	C:\WINDOWS\SYSTEM32\WINMMBASE.dll
0x00007ffc039b0000 - 0x00007ffc039b9000 	C:\WINDOWS\SYSTEM32\WSOCK32.dll
0x00007ffc10b50000 - 0x00007ffc10b9a000 	C:\WINDOWS\System32\cfgmgr32.dll
0x00007ffc13d80000 - 0x00007ffc13dec000 	C:\WINDOWS\System32\WS2_32.dll
0x00000000745c0000 - 0x00000000745cf000 	C:\Program Files\Java\jdk1.8.0_152\jre\bin\verify.dll
0x0000000072960000 - 0x0000000072989000 	C:\Program Files\Java\jdk1.8.0_152\jre\bin\java.dll
0x0000000072930000 - 0x0000000072953000 	C:\Program Files\Java\jdk1.8.0_152\jre\bin\instrument.dll
0x0000000072910000 - 0x0000000072926000 	C:\Program Files\Java\jdk1.8.0_152\jre\bin\zip.dll
0x00007ffc12850000 - 0x00007ffc13c86000 	C:\WINDOWS\System32\SHELL32.dll
0x00007ffc14330000 - 0x00007ffc143d6000 	C:\WINDOWS\System32\shcore.dll
0x00007ffc10fa0000 - 0x00007ffc116e7000 	C:\WINDOWS\System32\windows.storage.dll
0x00007ffc11b70000 - 0x00007ffc11bc1000 	C:\WINDOWS\System32\shlwapi.dll
0x00007ffc107f0000 - 0x00007ffc10801000 	C:\WINDOWS\System32\kernel.appcore.dll
0x00007ffc10760000 - 0x00007ffc107ac000 	C:\WINDOWS\System32\powrprof.dll
0x00007ffc107b0000 - 0x00007ffc107cb000 	C:\WINDOWS\System32\profapi.dll
0x0000000005420000 - 0x0000000005423000 	C:\Program Files\Java\jdk1.8.0_152\jre\bin\api-ms-win-core-console-l1-1-0.dll
0x0000000005430000 - 0x0000000005433000 	C:\Program Files\Java\jdk1.8.0_152\jre\bin\api-ms-win-core-datetime-l1-1-0.dll
0x0000000005440000 - 0x0000000005443000 	C:\Program Files\Java\jdk1.8.0_152\jre\bin\api-ms-win-core-debug-l1-1-0.dll
0x0000000005450000 - 0x0000000005453000 	C:\Program Files\Java\jdk1.8.0_152\jre\bin\api-ms-win-core-errorhandling-l1-1-0.dll
0x0000000005460000 - 0x0000000005464000 	C:\Program Files\Java\jdk1.8.0_152\jre\bin\api-ms-win-core-file-l1-1-0.dll
0x0000000005470000 - 0x0000000005473000 	C:\Program Files\Java\jdk1.8.0_152\jre\bin\api-ms-win-core-file-l1-2-0.dll
0x0000000005480000 - 0x0000000005483000 	C:\Program Files\Java\jdk1.8.0_152\jre\bin\api-ms-win-core-file-l2-1-0.dll
0x0000000005490000 - 0x0000000005493000 	C:\Program Files\Java\jdk1.8.0_152\jre\bin\api-ms-win-core-handle-l1-1-0.dll
0x00000000054a0000 - 0x00000000054a3000 	C:\Program Files\Java\jdk1.8.0_152\jre\bin\api-ms-win-core-heap-l1-1-0.dll
0x00000000054b0000 - 0x00000000054b3000 	C:\Program Files\Java\jdk1.8.0_152\jre\bin\api-ms-win-core-interlocked-l1-1-0.dll
0x0000000022520000 - 0x0000000022523000 	C:\Program Files\Java\jdk1.8.0_152\jre\bin\api-ms-win-core-libraryloader-l1-1-0.dll
0x0000000022530000 - 0x0000000022533000 	C:\Program Files\Java\jdk1.8.0_152\jre\bin\api-ms-win-core-localization-l1-2-0.dll
0x0000000022540000 - 0x0000000022543000 	C:\Program Files\Java\jdk1.8.0_152\jre\bin\api-ms-win-core-memory-l1-1-0.dll
0x0000000022550000 - 0x0000000022553000 	C:\Program Files\Java\jdk1.8.0_152\jre\bin\api-ms-win-core-namedpipe-l1-1-0.dll
0x0000000022560000 - 0x0000000022563000 	C:\Program Files\Java\jdk1.8.0_152\jre\bin\api-ms-win-core-processenvironment-l1-1-0.dll
0x0000000022570000 - 0x0000000022573000 	C:\Program Files\Java\jdk1.8.0_152\jre\bin\api-ms-win-core-processthreads-l1-1-0.dll
0x0000000022580000 - 0x0000000022583000 	C:\Program Files\Java\jdk1.8.0_152\jre\bin\api-ms-win-core-processthreads-l1-1-1.dll
0x0000000022590000 - 0x0000000022593000 	C:\Program Files\Java\jdk1.8.0_152\jre\bin\api-ms-win-core-profile-l1-1-0.dll
0x00000000225a0000 - 0x00000000225a3000 	C:\Program Files\Java\jdk1.8.0_152\jre\bin\api-ms-win-core-rtlsupport-l1-1-0.dll
0x00000000225b0000 - 0x00000000225b3000 	C:\Program Files\Java\jdk1.8.0_152\jre\bin\api-ms-win-core-string-l1-1-0.dll
0x00000000225c0000 - 0x00000000225c3000 	C:\Program Files\Java\jdk1.8.0_152\jre\bin\api-ms-win-core-synch-l1-1-0.dll
0x00000000225d0000 - 0x00000000225d3000 	C:\Program Files\Java\jdk1.8.0_152\jre\bin\api-ms-win-core-synch-l1-2-0.dll
0x00000000225e0000 - 0x00000000225e3000 	C:\Program Files\Java\jdk1.8.0_152\jre\bin\api-ms-win-core-sysinfo-l1-1-0.dll
0x00000000225f0000 - 0x00000000225f3000 	C:\Program Files\Java\jdk1.8.0_152\jre\bin\api-ms-win-core-timezone-l1-1-0.dll
0x0000000022600000 - 0x0000000022603000 	C:\Program Files\Java\jdk1.8.0_152\jre\bin\api-ms-win-core-util-l1-1-0.dll
0x0000000022610000 - 0x0000000022613000 	C:\Program Files\Java\jdk1.8.0_152\jre\bin\api-ms-win-crt-conio-l1-1-0.dll
0x0000000022620000 - 0x0000000022624000 	C:\Program Files\Java\jdk1.8.0_152\jre\bin\api-ms-win-crt-convert-l1-1-0.dll
0x0000000022630000 - 0x0000000022633000 	C:\Program Files\Java\jdk1.8.0_152\jre\bin\api-ms-win-crt-environment-l1-1-0.dll
0x0000000022640000 - 0x0000000022643000 	C:\Program Files\Java\jdk1.8.0_152\jre\bin\api-ms-win-crt-filesystem-l1-1-0.dll
0x0000000022650000 - 0x0000000022653000 	C:\Program Files\Java\jdk1.8.0_152\jre\bin\api-ms-win-crt-heap-l1-1-0.dll
0x0000000022660000 - 0x0000000022663000 	C:\Program Files\Java\jdk1.8.0_152\jre\bin\api-ms-win-crt-locale-l1-1-0.dll
0x0000000022670000 - 0x0000000022675000 	C:\Program Files\Java\jdk1.8.0_152\jre\bin\api-ms-win-crt-math-l1-1-0.dll
0x0000000022680000 - 0x0000000022685000 	C:\Program Files\Java\jdk1.8.0_152\jre\bin\api-ms-win-crt-multibyte-l1-1-0.dll
0x0000000022690000 - 0x00000000226a0000 	C:\Program Files\Java\jdk1.8.0_152\jre\bin\api-ms-win-crt-private-l1-1-0.dll
0x00000000226a0000 - 0x00000000226a3000 	C:\Program Files\Java\jdk1.8.0_152\jre\bin\api-ms-win-crt-process-l1-1-0.dll
0x00000000226b0000 - 0x00000000226b4000 	C:\Program Files\Java\jdk1.8.0_152\jre\bin\api-ms-win-crt-runtime-l1-1-0.dll
0x00000000226c0000 - 0x00000000226c4000 	C:\Program Files\Java\jdk1.8.0_152\jre\bin\api-ms-win-crt-stdio-l1-1-0.dll
0x00000000226d0000 - 0x00000000226d4000 	C:\Program Files\Java\jdk1.8.0_152\jre\bin\api-ms-win-crt-string-l1-1-0.dll
0x00000000226e0000 - 0x00000000226e3000 	C:\Program Files\Java\jdk1.8.0_152\jre\bin\api-ms-win-crt-time-l1-1-0.dll
0x00000000226f0000 - 0x00000000226f3000 	C:\Program Files\Java\jdk1.8.0_152\jre\bin\api-ms-win-crt-utility-l1-1-0.dll
0x00007ffbde740000 - 0x00007ffbde836000 	C:\Program Files\Java\jdk1.8.0_152\jre\bin\ucrtbase.dll
0x00007ffbeaf40000 - 0x00007ffbeaf91000 	C:\Program Files\Java\jdk1.8.0_152\jre\bin\concrt140.dll
0x00007ffbd9eb0000 - 0x00007ffbd9f4c000 	C:\Program Files\Java\jdk1.8.0_152\jre\bin\MSVCP140.dll
0x00007ffc089d0000 - 0x00007ffc089e6000 	C:\Program Files\Java\jdk1.8.0_152\jre\bin\VCRUNTIME140.dll
0x00000000728e0000 - 0x0000000072903000 	C:\Program Files\Java\jdk1.8.0_152\jre\bin\prism_d3d.dll
0x00007ffbd0850000 - 0x00007ffbd09e5000 	C:\WINDOWS\system32\d3d9.dll
0x00007ffc0ec70000 - 0x00007ffc0ec9a000 	C:\WINDOWS\SYSTEM32\dwmapi.dll
0x00007ffc0eba0000 - 0x00007ffc0ec35000 	C:\WINDOWS\system32\uxtheme.dll
0x00007ffb9ce00000 - 0x00007ffba0659000 	C:\WINDOWS\System32\DriverStore\FileRepository\ki123782.inf_amd64_dd869220a335012b\igdumdim64.dll
0x00007ffc14260000 - 0x00007ffc14325000 	C:\WINDOWS\System32\OLEAUT32.dll
0x00007ffc11bd0000 - 0x00007ffc11d19000 	C:\WINDOWS\System32\ole32.dll
0x00007ffc11d20000 - 0x00007ffc1216e000 	C:\WINDOWS\System32\SETUPAPI.dll
0x0000000072890000 - 0x00000000728d9000 	C:\Program Files\Java\jdk1.8.0_152\jre\bin\glass.dll
0x00007ffc11940000 - 0x00007ffc11a4a000 	C:\WINDOWS\System32\COMDLG32.dll
0x00007ffc126e0000 - 0x00007ffc12847000 	C:\WINDOWS\System32\MSCTF.dll
0x00007ffbe4980000 - 0x00007ffbe4a29000 	C:\Program Files\Common Files\microsoft shared\ink\tiptsf.dll
0x00007ffc04d10000 - 0x00007ffc06312000 	C:\WINDOWS\System32\DriverStore\FileRepository\ki123782.inf_amd64_dd869220a335012b\igc64.dll
0x0000000072870000 - 0x0000000072884000 	C:\Program Files\Java\jdk1.8.0_152\jre\bin\javafx_font.dll
0x00007ffbf15f0000 - 0x00007ffbf1900000 	C:\WINDOWS\SYSTEM32\dwrite.dll
0x0000000180000000 - 0x0000000180181000 	C:\Users\vaibh\Squish for Java 6.3.2\bin\squishjavawrapper.dll
0x0000000073590000 - 0x00000000738b3000 	C:\Users\vaibh\Squish for Java 6.3.2\bin\QtCoreSquish4.dll
0x0000000073980000 - 0x0000000074392000 	C:\Users\vaibh\Squish for Java 6.3.2\bin\QtGuiSquish4.dll
0x00000000743a0000 - 0x0000000074473000 	C:\WINDOWS\WinSxS\amd64_microsoft.vc90.crt_1fc8b3b9a1e18e3b_9.0.30729.9317_none_08e0939fa840d57b\MSVCP90.dll
0x0000000074480000 - 0x0000000074523000 	C:\WINDOWS\WinSxS\amd64_microsoft.vc90.crt_1fc8b3b9a1e18e3b_9.0.30729.9317_none_08e0939fa840d57b\MSVCR90.dll
0x00007ffc00e10000 - 0x00007ffc00e96000 	C:\WINDOWS\SYSTEM32\WINSPOOL.DRV
0x00007ffc0fd20000 - 0x00007ffc0fd59000 	C:\WINDOWS\SYSTEM32\IPHLPAPI.DLL
0x00007ffc10260000 - 0x00007ffc10285000 	C:\WINDOWS\SYSTEM32\bcrypt.dll
0x000000002afa0000 - 0x000000002b178000 	C:\Users\vaibh\Squish for Java 6.3.2\bin\squishhook.dll
0x000000002b180000 - 0x000000002b3dd000 	C:\Users\vaibh\Squish for Java 6.3.2\bin\webhookLib.dll
0x0000000028f40000 - 0x0000000028fc0000 	C:\Users\vaibh\Squish for Java 6.3.2\bin\tracelibx64.dll
0x00007ffc12320000 - 0x00007ffc123be000 	C:\WINDOWS\System32\clbcatq.dll
0x00007ffc0a470000 - 0x00007ffc0a61b000 	C:\WINDOWS\SYSTEM32\WindowsCodecs.dll
0x00007ffbf8010000 - 0x00007ffbf805f000 	C:\WINDOWS\system32\dataexchange.dll
0x00007ffc0d4b0000 - 0x00007ffc0d792000 	C:\WINDOWS\system32\d3d11.dll
0x00007ffc0dee0000 - 0x00007ffc0e022000 	C:\WINDOWS\system32\dcomp.dll
0x00007ffc0f5c0000 - 0x00007ffc0f66f000 	C:\WINDOWS\system32\dxgi.dll
0x00007ffc0ed80000 - 0x00007ffc0eefb000 	C:\WINDOWS\system32\twinapi.appcore.dll
0x00007ffc0ed60000 - 0x00007ffc0ed80000 	C:\WINDOWS\system32\RMCLIENT.dll
0x00007ffbf72f0000 - 0x00007ffbf7324000 	C:\Program Files\Common Files\Microsoft Shared\Ink\rtscom.dll
0x00007ffc06ac0000 - 0x00007ffc06b58000 	C:\WINDOWS\System32\TextInputFramework.dll
0x00007ffc09f40000 - 0x00007ffc0a22e000 	C:\WINDOWS\System32\CoreUIComponents.dll
0x00007ffc0ddc0000 - 0x00007ffc0de9c000 	C:\WINDOWS\System32\CoreMessaging.dll
0x00007ffc0c170000 - 0x00007ffc0c2a6000 	C:\WINDOWS\SYSTEM32\wintypes.dll
0x00007ffc0f890000 - 0x00007ffc0f8c1000 	C:\WINDOWS\SYSTEM32\ntmarta.dll
0x0000000072850000 - 0x0000000072862000 	C:\Program Files\Java\jdk1.8.0_152\jre\bin\prism_common.dll
0x00007ffbf8060000 - 0x00007ffbf8266000 	C:\Windows\System32\uiautomationcore.dll
0x00007ffc105c0000 - 0x00007ffc1065a000 	C:\WINDOWS\SYSTEM32\sxs.dll
0x00007ffbf2080000 - 0x00007ffbf20ee000 	C:\WINDOWS\SYSTEM32\OLEACC.dll
0x00007ffc0ff90000 - 0x00007ffc0fff6000 	C:\WINDOWS\system32\mswsock.dll
0x00007ffbdd450000 - 0x00007ffbdd466000 	C:\WINDOWS\system32\napinsp.dll

VM Arguments:
jvm_args: -Xbootclasspath/p:C:\Users\vaibh\Squish for Java 6.3.2\lib\squishrt.jar -Dsquish.wrapper=C:\Users\vaibh\Squish for Java 6.3.2\bin\squishjavawrapper.dll -javaagent:C:\Users\vaibh\Squish for Java 6.3.2\lib\squishagent.jar=C:\Users\vaibh\Squish for Java 6.3.2\lib -Xverify:none -Dsquish.tmpdir=C:/Users/vaibh/AppData/Local/Temp/frogtemp -DSQUISH_LOG_HOOKUP=1 -Dsquish.bcel=C:\Users\vaibh\Squish for Java 6.3.2\lib\bcel.jar -Djava.security.policy=file:C:/Users/vaibh/AppData/Local/Temp/frogtemp/squish.policy 
java_command: C:\Study\MSD\TeamRepo\team-107\stand-alone-system\plagiarism-detector-0.0.1-SNAPSHOT-jfx.jar
java_class_path (initial): C:\Study\MSD\TeamRepo\team-107\stand-alone-system\plagiarism-detector-0.0.1-SNAPSHOT-jfx.jar;C:\Users\vaibh\Squish for Java 6.3.2\lib\squishagent.jar
Launcher Type: SUN_STANDARD

Environment Variables:
_JAVA_OPTIONS="-Xbootclasspath/p:C:\Users\vaibh\Squish for Java 6.3.2\lib\squishrt.jar" "-Dsquish.wrapper=C:\Users\vaibh\Squish for Java 6.3.2\bin\squishjavawrapper.dll" "-javaagent:C:\Users\vaibh\Squish for Java 6.3.2\lib\squishagent.jar=C:\Users\vaibh\Squish for Java 6.3.2\lib" "-Xverify:none" "-Dsquish.tmpdir=C:/Users/vaibh/AppData/Local/Temp/frogtemp" "-DSQUISH_LOG_HOOKUP=1" "-Dsquish.bcel=C:\Users\vaibh\Squish for Java 6.3.2\lib\bcel.jar" "-Djava.security.policy=file:C:/Users/vaibh/AppData/Local/Temp/frogtemp/squish.policy"
CLASSPATH=.;C:\Javalib\antlr-4.7.1-complete.jar;C:\Study\apache-maven-3.5.3\bin;;C:\Users\vaibh\Squish for Java 6.3.2\lib\bcel.jar
PATH=C:\Users\vaibh\Squish for Java 6.3.2\bin;C:\Users\vaibh\Squish for Java 6.3.2/bin;C:\ProgramData\Oracle\Java\javapath;C:\Program Files (x86)\Intel\iCLS Client\;C:\Program Files\Intel\iCLS Client\;C:\WINDOWS\system32;C:\WINDOWS;C:\WINDOWS\System32\Wbem;C:\WINDOWS\System32\WindowsPowerShell\v1.0\;C:\Program Files (x86)\Intel\Intel(R) Management Engine Components\DAL;C:\Program Files\Intel\Intel(R) Management Engine Components\DAL;C:\Program Files (x86)\Intel\Intel(R) Management Engine Components\IPT;C:\Program Files\Intel\Intel(R) Management Engine Components\IPT;C:\Program Files\MiKTeX 2.9\miktex\bin\x64\;C:\Program Files (x86)\PharosSystems\Core;C:\Program Files\nodejs\;C:\Program Files\Git\cmd;C:\Program Files\PuTTY\;C:\Users\vaibh\AppData\Local\Microsoft\WindowsApps;C:\Program Files\Microsoft VS Code\bin;C:\Users\vaibh\AppData\Local\GitHubDesktop\bin;C:\Users\vaibh\AppData\Local\Microsoft\WindowsApps;C:\Program Files\Java\jdk1.8.0_152\bin;C:\Javalib;C:\Javalib\antlr-4.7.1-complete;C:\Program Files\Java\jre1.8.0_161\bin;C:\Users\vaibh\AppData\Roaming\npm;C:\Program Files\Heroku\bin;C:\Study\apache-maven-3.5.3\bin;C:\Users\vaibh\Squish for Java 6.3.2;C:/Users/vaibh/AppData/Local/Temp/frogtemp
USERNAME=vaibh
OS=Windows_NT
PROCESSOR_IDENTIFIER=Intel64 Family 6 Model 142 Stepping 10, GenuineIntel



---------------  S Y S T E M  ---------------

OS: Windows 10.0 , 64 bit Build 16299 (10.0.16299.15)

CPU:total 8 (initial active 8) (4 cores per cpu, 2 threads per core) family 6 model 142 stepping 10, cmov, cx8, fxsr, mmx, sse, sse2, sse3, ssse3, sse4.1, sse4.2, popcnt, avx, avx2, aes, clmul, erms, 3dnowpref, lzcnt, ht, tsc, tscinvbit, bmi1, bmi2, adx

Memory: 4k page, physical 16607060k(9814936k free), swap 19097428k(9199148k free)

vm_info: Java HotSpot(TM) 64-Bit Server VM (25.152-b16) for windows-amd64 JRE (1.8.0_152-b16), built on Sep 14 2017 02:29:36 by "java_re" with MS VC++ 10.0 (VS2010)

time: Thu Apr 19 20:05:53 2018
elapsed time: 76 seconds (0d 0h 1m 16s)

